<?xml version="1.0" encoding="UTF-8"?>
<!-- Generated by org.testng.reporters.JUnitReportReporter -->
<testsuite hostname="DESKTOP-UA41MGR" failures="0" tests="2" name="tests.Selenium" time="9.677" errors="0" timestamp="2021-01-19T01:40:11 GMT-06:00" skipped="0">
  <testcase classname="tests.Selenium" name="chrome" time="4.784"/>
  <system-out/>
  <testcase classname="tests.Selenium" name="firefox" time="4.893"/>
  <system-out/>
</testsuite> <!-- tests.Selenium -->
