<?xml version="1.0" encoding="UTF-8"?>
<!-- Generated by org.testng.reporters.JUnitReportReporter -->
<testsuite hostname="DESKTOP-UA41MGR" failures="0" tests="2" name="main.ReportTest" time="0.156" errors="0" timestamp="2021-05-10T21:51:28 GMT-05:00" skipped="0">
  <testcase classname="main.ReportTest" name="extentReportsDemo" time="0.148"/>
  <system-out/>
  <testcase classname="main.ReportTest" name="extentReportsDemo2" time="0.008"/>
  <system-out/>
</testsuite> <!-- main.ReportTest -->
