<?xml version="1.0" encoding="UTF-8"?>
<!-- Generated by org.testng.reporters.JUnitReportReporter -->
<testsuite hostname="DESKTOP-UA41MGR" failures="0" tests="1" name="api.Test02_Post" time="3.140" errors="0" timestamp="2021-04-29T11:59:50 GMT-05:00" skipped="0">
  <testcase classname="api.Test02_Post" name="test2" time="3.140"/>
  <system-out/>
</testsuite> <!-- api.Test02_Post -->
