<?xml version="1.0" encoding="UTF-8"?>
<!-- Generated by org.testng.reporters.JUnitReportReporter -->
<testsuite hostname="DESKTOP-UA41MGR" failures="0" tests="1" name="api.Test04_Delete" time="2.853" errors="0" timestamp="2021-04-29T11:45:45 GMT-05:00" skipped="0">
  <testcase classname="api.Test04_Delete" name="test3" time="2.853"/>
  <system-out/>
</testsuite> <!-- api.Test04_Delete -->
