<?xml version="1.0" encoding="UTF-8"?>
<!-- Generated by org.testng.reporters.JUnitReportReporter -->
<testsuite hostname="DESKTOP-UA41MGR" failures="0" tests="1" name="api.Test03_Put" time="2.869" errors="0" timestamp="2021-04-29T11:44:14 GMT-05:00" skipped="0">
  <testcase classname="api.Test03_Put" name="test2" time="2.869"/>
  <system-out/>
</testsuite> <!-- api.Test03_Put -->
