<?xml version="1.0" encoding="UTF-8"?>
<!-- Generated by org.testng.reporters.JUnitReportReporter -->
<testsuite hostname="DESKTOP-UA41MGR" failures="0" tests="2" name="api.Test01_Get" time="5.448" errors="0" timestamp="2021-04-29T12:32:03 GMT-05:00" skipped="0">
  <testcase classname="api.Test01_Get" name="test1" time="1.563"/>
  <system-out/>
  <testcase classname="api.Test01_Get" name="test" time="3.885"/>
  <system-out/>
</testsuite> <!-- api.Test01_Get -->
