<?xml version="1.0" encoding="UTF-8"?>
<!-- Generated by org.testng.reporters.JUnitReportReporter -->
<testsuite hostname="DESKTOP-UA41MGR" failures="0" tests="1" name="api.Test01_Get" time="1.727" errors="0" timestamp="2021-04-30T14:50:19 GMT-05:00" skipped="0">
  <testcase classname="api.Test01_Get" name="basicPing" time="1.727"/>
  <system-out/>
</testsuite> <!-- api.Test01_Get -->
