<?xml version="1.0" encoding="UTF-8"?>
<!-- Generated by org.testng.reporters.JUnitReportReporter -->
<testsuite hostname="DESKTOP-UA41MGR" failures="0" tests="1" name="main.runTest" time="16.751" errors="0" timestamp="2021-03-09T15:22:18 GMT-06:00" skipped="0">
  <testcase classname="main.runTest" name="feature" time="16.751"/>
  <system-out/>
</testsuite> <!-- main.runTest -->
